  main.cpp
c:\users\injam\source\repos\shading\shading\matrix.h(35): warning C4244: '+=': conversion from 'GLdouble' to 'GLfloat', possible loss of data
c:\users\injam\source\repos\shading\shading\matrix.h(45): warning C4244: '+=': conversion from 'GLdouble' to 'GLfloat', possible loss of data
c:\users\injam\source\repos\shading\shading\matrix.h(47): warning C4244: '=': conversion from 'const GLdouble' to 'GLfloat', possible loss of data
c:\users\injam\source\repos\shading\shading\trackball.h(15): warning C4305: 'initializing': truncation from 'double' to 'float'
c:\users\injam\source\repos\shading\shading\trackball.h(119): warning C4244: 'argument': conversion from 'double' to 'GLfloat', possible loss of data
c:\users\injam\source\repos\shading\shading\trackball.h(142): warning C4244: 'argument': conversion from 'double' to 'GLfloat', possible loss of data
c:\users\injam\source\repos\shading\shading\trackball.h(174): warning C4244: 'argument': conversion from 'double' to 'GLfloat', possible loss of data
c:\users\injam\source\repos\shading\shading\trackball.h(230): warning C4244: 'argument': conversion from 'double' to 'float', possible loss of data
c:\users\injam\source\repos\shading\shading\yourcode.h(14): warning C4305: 'initializing': truncation from 'double' to 'float'
c:\users\injam\source\repos\shading\shading\yourcode.h(51): warning C4305: '-=': truncation from 'double' to 'float'
c:\users\injam\source\repos\shading\shading\yourcode.h(54): warning C4305: '+=': truncation from 'double' to 'float'
c:\users\injam\source\repos\shading\shading\yourcode.h(68): warning C4305: '-=': truncation from 'double' to 'float'
c:\users\injam\source\repos\shading\shading\yourcode.h(74): warning C4305: '+=': truncation from 'double' to 'float'
c:\users\injam\source\repos\shading\shading\yourcode.h(79): warning C4305: '-=': truncation from 'double' to 'float'
c:\users\injam\source\repos\shading\shading\yourcode.h(84): warning C4305: '+=': truncation from 'double' to 'float'
c:\users\injam\source\repos\shading\shading\yourcode.h(89): warning C4305: '-=': truncation from 'double' to 'float'
c:\users\injam\source\repos\shading\shading\yourcode.h(94): warning C4305: '+=': truncation from 'double' to 'float'
c:\users\injam\source\repos\shading\shading\yourcode.h(220): warning C4244: 'initializing': conversion from 'double' to 'float', possible loss of data
c:\users\injam\source\repos\shading\shading\main.cpp(27): warning C4838: conversion from 'double' to 'float' requires a narrowing conversion
c:\users\injam\source\repos\shading\shading\main.cpp(27): warning C4305: 'initializing': truncation from 'double' to 'float'
c:\users\injam\source\repos\shading\shading\main.cpp(183): warning C4305: 'argument': truncation from 'double' to 'float'
c:\users\injam\source\repos\shading\shading\main.cpp(197): warning C4267: '=': conversion from 'size_t' to 'int', possible loss of data
  Shading.vcxproj -> C:\Users\injam\source\repos\Shading\x64\Debug\Shading.exe
