  main.cpp
c:\users\injam\source\repos\project1\project1\trackball.h(14): warning C4305: 'initializing': truncation from 'double' to 'float'
c:\users\injam\source\repos\project1\project1\trackball.h(118): warning C4244: 'argument': conversion from 'double' to 'GLfloat', possible loss of data
c:\users\injam\source\repos\project1\project1\trackball.h(141): warning C4244: 'argument': conversion from 'double' to 'GLfloat', possible loss of data
c:\users\injam\source\repos\project1\project1\trackball.h(173): warning C4244: 'argument': conversion from 'double' to 'GLfloat', possible loss of data
main.cpp(28): warning C4838: conversion from 'double' to 'float' requires a narrowing conversion
main.cpp(28): warning C4305: 'initializing': truncation from 'double' to 'float'
main.cpp(91): warning C4305: 'argument': truncation from 'double' to 'GLfloat'
main.cpp(103): warning C4305: 'argument': truncation from 'double' to 'GLfloat'
main.cpp(180): warning C4305: 'argument': truncation from 'double' to 'GLfloat'
main.cpp(258): warning C4305: 'argument': truncation from 'double' to 'GLfloat'
main.cpp(272): warning C4305: 'argument': truncation from 'double' to 'GLfloat'
main.cpp(275): warning C4305: 'argument': truncation from 'double' to 'GLfloat'
main.cpp(280): warning C4305: 'argument': truncation from 'double' to 'GLfloat'
main.cpp(300): warning C4305: 'argument': truncation from 'double' to 'GLfloat'
main.cpp(333): warning C4305: '+=': truncation from 'double' to 'float'
main.cpp(354): warning C4305: 'argument': truncation from 'double' to 'float'
main.cpp(430): warning C4305: '+=': truncation from 'double' to 'float'
main.cpp(434): warning C4305: '-=': truncation from 'double' to 'float'
main.cpp(438): warning C4305: '+=': truncation from 'double' to 'float'
main.cpp(442): warning C4305: '-=': truncation from 'double' to 'float'
main.cpp(446): warning C4305: '+=': truncation from 'double' to 'float'
main.cpp(450): warning C4305: '-=': truncation from 'double' to 'float'
  Generating code
  All 216 functions were compiled because no usable IPDB/IOBJ from previous compilation was found.
  Finished generating code
  Project1.vcxproj -> C:\Users\injam\source\repos\Project1\x64\Release\Project1.exe
