  main.cpp
c:\users\injam\source\repos\project1\project1\trackball.h(14): warning C4305: 'initializing': truncation from 'double' to 'float'
c:\users\injam\source\repos\project1\project1\trackball.h(118): warning C4244: 'argument': conversion from 'double' to 'GLfloat', possible loss of data
c:\users\injam\source\repos\project1\project1\trackball.h(141): warning C4244: 'argument': conversion from 'double' to 'GLfloat', possible loss of data
c:\users\injam\source\repos\project1\project1\trackball.h(173): warning C4244: 'argument': conversion from 'double' to 'GLfloat', possible loss of data
c:\users\injam\source\repos\project1\project1\main.cpp(28): warning C4838: conversion from 'double' to 'float' requires a narrowing conversion
c:\users\injam\source\repos\project1\project1\main.cpp(28): warning C4305: 'initializing': truncation from 'double' to 'float'
c:\users\injam\source\repos\project1\project1\main.cpp(91): warning C4305: 'argument': truncation from 'double' to 'GLfloat'
c:\users\injam\source\repos\project1\project1\main.cpp(103): warning C4305: 'argument': truncation from 'double' to 'GLfloat'
c:\users\injam\source\repos\project1\project1\main.cpp(180): warning C4305: 'argument': truncation from 'double' to 'GLfloat'
c:\users\injam\source\repos\project1\project1\main.cpp(259): warning C4305: 'argument': truncation from 'double' to 'GLfloat'
c:\users\injam\source\repos\project1\project1\main.cpp(273): warning C4305: 'argument': truncation from 'double' to 'GLfloat'
c:\users\injam\source\repos\project1\project1\main.cpp(276): warning C4305: 'argument': truncation from 'double' to 'GLfloat'
c:\users\injam\source\repos\project1\project1\main.cpp(281): warning C4305: 'argument': truncation from 'double' to 'GLfloat'
c:\users\injam\source\repos\project1\project1\main.cpp(303): warning C4305: 'argument': truncation from 'double' to 'GLfloat'
c:\users\injam\source\repos\project1\project1\main.cpp(340): warning C4305: 'argument': truncation from 'double' to 'GLfloat'
c:\users\injam\source\repos\project1\project1\main.cpp(362): warning C4305: '+=': truncation from 'double' to 'float'
c:\users\injam\source\repos\project1\project1\main.cpp(383): warning C4305: 'argument': truncation from 'double' to 'float'
c:\users\injam\source\repos\project1\project1\main.cpp(459): warning C4305: '+=': truncation from 'double' to 'float'
c:\users\injam\source\repos\project1\project1\main.cpp(463): warning C4305: '-=': truncation from 'double' to 'float'
c:\users\injam\source\repos\project1\project1\main.cpp(467): warning C4305: '+=': truncation from 'double' to 'float'
c:\users\injam\source\repos\project1\project1\main.cpp(471): warning C4305: '-=': truncation from 'double' to 'float'
c:\users\injam\source\repos\project1\project1\main.cpp(475): warning C4305: '+=': truncation from 'double' to 'float'
c:\users\injam\source\repos\project1\project1\main.cpp(479): warning C4305: '-=': truncation from 'double' to 'float'
  Project1.vcxproj -> C:\Users\injam\source\repos\Project1\x64\Debug\Project1.exe
